160
2 28 35
2 93 97
2 190 196
2 197 252
2 286 333
2 369 420
2 423 441
2 12 33
2 47 165
2 300 326
2 482 1
2 14 21
2 256 315
2 299 279
2 306 322
2 330 421
2 454 17
2 7 72
2 154 189
2 212 334
2 352 358
2 414 86
2 11 492
2 64 371
2 120 182
2 156 213
3 170 141 158
2 266 301
2 319 329
2 410 484
2 462 52
2 495 486
3 38 155 443
3 108 264 166
3 48 73 337
3 221 298 376
3 111 5 310
3 210 261 463
3 350 360 448
3 451 0 113
3 475 452 175
3 15 240 147
3 34 324 19
3 20 311 320
3 187 234 149
3 208 236 439
3 219 433 434
3 258 273 71
3 277 396 356
3 193 405 292
4 60 387 430 473
4 249 181 445 31
3 419 498 123
4 231 3 23 99
3 367 288 214
4 6 8 117 13
4 18 455 61 139
4 55 271 65 177
4 90 91 163 192
4 10 89 394 159
3 199 203 472
4 385 225 188 105
4 180 230 353 499
4 218 409 242 263
4 201 302 278 294
4 268 235 121 388
4 328 345 437 351
4 348 384 400 41
4 375 412 403 81
4 392 397 449 283
4 362 424 467 16
4 422 24 429 204
4 431 407 497 56
4 444 336 474 399
4 447 25 32 40
4 276 162 27 106
4 22 459 44 80
4 438 45 59 128
4 46 442 69 76
4 29 66 50 79
4 54 70 107 116
4 391 26 109 259
4 101 78 112 247
4 95 364 144 251
4 36 119 138 254
4 129 132 136 200
4 114 152 153 164
4 151 172 124 207
4 174 185 195 148
4 198 427 226 274
4 217 233 245 289
4 244 186 267 282
4 92 100 115 304
4 160 280 104 284
4 285 269 325 359
4 307 295 341 468
4 332 237 361 401
4 363 365 372 395
4 377 378 347 373
4 390 411 453 490
4 432 460 450 379
4 446 339 461 4
4 494 425 9 30
4 2 37 39 42
4 43 49 51 57
4 53 62 63 74
4 67 68 58 77
4 75 83 85 87
4 82 84 88 94
4 96 98 102 103
4 110 118 122 125
4 126 127 130 133
4 131 134 137 142
3 140 135 143
3 145 146 150
3 157 161 168
3 167 169 171
3 173 176 178
3 179 183 184
3 191 202 206
3 205 209 215
3 211 194 216
3 220 222 224
3 223 228 229
3 227 232 238
3 239 241 246
3 243 248 250
3 253 255 257
3 260 262 265
3 270 272 287
3 281 290 291
3 275 293 296
3 297 303 308
3 305 313 314
3 309 316 317
3 312 318 321
3 323 327 331
3 335 338 340
3 342 343 344
3 346 349 355
3 354 357 366
3 368 370 374
3 380 381 383
3 382 386 389
3 393 398 402
3 404 406 408
3 413 415 416
3 417 418 426
3 428 435 436
3 440 456 457
3 458 464 465
2 466 469
2 470 471
2 476 477
2 478 479
2 480 481
2 483 485
2 487 488
2 489 491
2 493 496
