1628
4 5357 5121 8148 6404
4 421 5913 2589 6255
4 5583 8785 6584 3629
4 9906 7710 5231 7529
4 3987 1737 8197 9487
4 5796 4386 6735 2094
4 1756 998 2584 8754
4 2395 2861 6312 59
4 6655 7923 8873 7569
4 5515 6632 7262 7444
4 7704 9612 2489 398
4 7796 8452 5905 8407
4 820 604 1248 6459
4 9004 1729 8603 7064
4 4848 7549 9354 5886
4 8189 8733 8437 9529
4 6839 4449 5744 9213
4 4318 4574 8479 1524
4 4100 9483 9620 3626
4 4233 6823 7108 6476
4 3904 1287 5416 2545
4 9383 4004 9131 4644
4 3697 973 7792 1396
4 5427 2061 370 9247
4 2155 4041 3015 847
4 4863 4631 3135 2843
4 2222 2687 6668 7168
4 5363 2752 9618 1492
4 5570 453 1561 9765
4 8284 7100 461 8004
4 3505 4036 44 3715
4 3295 8287 8775 2932
4 1385 1423 8591 2117
4 3273 8854 5616 6640
4 2345 5918 2096 2935
4 9813 6639 666 6762
4 5090 1556 3420 2331
4 674 4695 5592 9959
4 3825 7936 1114 5251
4 1081 6756 8384 2598
4 5001 4147 1677 8689
4 8119 1388 864 9888
4 9818 5989 6196 948
4 683 7525 4106 8240
4 5526 8911 7515 7577
4 4194 3942 5052 936
4 9128 6613 5083 3149
4 8585 5211 132 2819
4 7369 8320 8777 8814
4 4670 2459 962 3484
4 7819 2246 7863 2968
4 4473 876 5791 7939
4 7368 2723 7950 3656
4 3457 2728 7290 8991
4 3176 752 2196 684
4 371 9256 7208 7101
4 8837 8636 110 2499
4 4808 8392 1101 5651
4 63 2212 8641 9267
4 9614 714 1491 4916
4 4090 281 9894 2475
4 9019 6240 2548 6170
4 1013 839 5602 1115
4 2064 3678 3024 7945
4 5048 7259 1071 2124
4 4405 7834 3765 5945
4 1004 7937 4685 3302
4 4961 2008 3795 4579
4 9965 3272 3647 7198
4 9986 1233 384 854
4 8152 1707 2070 7104
4 1734 5101 4702 7961
4 9295 2141 6782 6677
4 5042 7201 2558 82
4 2115 4430 4957 818
4 1164 7135 7927 443
4 5046 336 8639 8058
4 6495 5773 5214 6381
4 4788 2922 8063 6176
4 7896 7825 4886 1214
4 7540 7409 4917 4964
4 7202 3499 1146 976
4 2080 9307 9568 5295
4 3463 1341 4509 5653
4 1830 6702 7313 49
4 3792 4983 8612 3047
4 6107 7595 4874 3896
4 3607 7757 5310 5713
4 5982 4135 5772 2274
4 2228 3940 3228 3566
4 2964 1353 887 9305
4 3096 3309 7543 1203
4 8338 6252 1210 3293
4 8608 2727 8485 7516
4 1851 636 6168 7305
4 4322 6550 4406 7136
4 71 4240 8322 1671
4 1988 9866 6935 4925
4 9129 4940 4131 5219
4 7551 9433 8745 5625
4 9795 4141 8116 3142
4 9527 1812 7145 7
4 5383 1955 4185 594
4 7579 8465 2456 8851
4 1322 47 4235 9539
4 1450 7326 3042 9552
4 2259 3437 3114 4167
4 9 1713 766 5006
4 4637 532 5652 7359
4 1094 5873 1742 4074
4 7583 4655 7231 1934
4 2686 9690 8803 3686
4 4561 9525 1050 4657
4 3844 2962 3072 6129
4 727 5494 1895 7447
4 723 8553 7715 2481
4 7083 9263 4374 3357
4 6957 4112 4847 7032
4 2759 9235 4102 8387
4 9532 2982 4475 2293
4 62 9917 7308 859
4 7196 1946 8250 8736
4 8332 7088 2736 954
4 3519 3196 9196 2342
4 213 6882 7648 8375
4 9946 4320 8010 5163
4 6547 9063 2652 1591
4 2726 4076 3337 3155
4 2060 8767 8193 5777
4 5904 1724 1418 1568
4 2045 4619 6611 2340
4 3689 7725 3170 9966
4 6178 992 850 2544
4 9119 4638 5172 4402
4 4490 8644 9106 1433
4 4995 4912 6558 3257
4 3672 4139 9747 2085
4 586 3775 2828 2749
4 120 201 2642 5156
4 8626 1621 9576 2795
4 3781 3648 9344 6038
4 6913 5686 8478 3757
4 8601 6571 7464 7643
4 7851 5729 6534 5931
4 4550 7494 3542 4959
4 8138 2628 7814 7148
4 7451 8397 3593 6537
4 403 1763 3376 2870
4 8186 7545 9275 2323
4 2862 676 4058 3112
4 6134 6567 328 9542
4 4244 774 2300 8997
4 7862 3889 7079 8115
4 3475 2308 4480 4390
4 58 9559 8267 3708
4 4150 9302 18 3840
4 1383 5081 8865 8242
4 9713 6467 6147 1160
4 7316 6927 8233 7703
4 9900 9151 3869 7673
4 2814 5366 8259 8849
4 1711 2213 2036 9528
4 7166 5609 9243 3583
4 6171 5845 3451 8506
4 3842 4044 7445 446
4 8187 2305 2123 1839
4 8616 2160 1049 778
4 9873 11 7944 9374
4 2267 8079 2243 1552
4 8094 5540 1936 3526
4 1136 9320 1509 654
4 5096 4837 8509 333
4 245 6123 7267 4284
4 6359 8430 3126 2313
4 3913 8101 9605 8167
4 9514 6050 7726 373
4 5136 2023 6777 7008
4 9921 5324 2944 6580
4 5854 2985 8286 3253
4 7953 5359 687 6300
4 2920 3950 4498 7522
4 4902 4551 3745 8036
4 2535 9784 5209 1845
4 706 2817 7385 3632
4 3106 8367 2282 9289
4 1231 7466 1427 8701
4 3618 6842 8348 1767
4 65 2203 9340 9722
4 2674 5665 463 3899
4 9856 177 6989 9283
4 5600 7922 7026 8026
4 6481 6060 8563 1096
4 7700 9732 2994 6985
4 9942 2941 4690 3083
4 2718 6638 5919 5622
4 4965 7756 4151 7050
4 593 8721 4516 9691
4 1996 2572 3002 251
4 6582 8346 8047 1359
4 8697 9111 6329 9778
4 1817 6313 780 7212
4 8834 7920 9649 5962
4 8253 2364 1085 745
4 9252 1357 717 522
4 1372 2619 3229 2802
4 4951 9751 3356 7209
4 103 1336 9366 3485
4 2009 6316 9779 6426
4 8839 1861 565 2112
4 4582 4137 8477 9123
4 4351 6363 3368 2351
4 9443 6477 2647 2571
4 67 5891 5492 709
4 5909 2905 257 3089
4 6994 4352 9154 6
4 8199 6602 9365 9325
4 645 8751 8811 9585
4 5793 7629 7119 7330
4 214 9124 2095 1202
4 7671 3443 4259 1340
4 332 1976 7981 4293
4 2536 171 8947 3379
4 6415 7489 1701 8835
4 8614 9546 4134 7911
4 1787 1510 2162 1740
4 3496 4884 60 1344
4 9806 3308 5239 188
4 4477 8003 5593 5330
4 1001 8923 2957 9629
4 4867 9968 4557 9974
4 8200 750 4357 1965
4 5544 3214 6666 1717
4 5149 1820 5244 8163
4 877 3062 9930 9511
4 8501 9363 6297 1800
4 6914 5332 7934 1505
4 5733 8529 1564 4977
4 4711 7391 321 7613
4 6342 6956 6188 4727
4 1351 7057 2575 5518
4 5991 5236 296 9166
4 8658 1975 4222 8651
4 1364 8779 2776 791
4 7677 3730 3750 7344
4 4696 8431 9545 9426
4 8040 1249 1522 924
4 2245 5529 7415 4161
4 5758 5970 8990 1747
4 9962 1883 7439 7647
4 7210 7153 2043 3579
4 9419 4331 767 8449
4 3120 4572 8915 9341
4 5131 5028 9397 2509
4 4415 5488 4717 9271
4 9550 8168 8056 1200
4 7972 8579 3087 902
4 5683 7699 6419 1714
4 2265 1743 6616 7824
4 5728 6042 55 8548
4 8418 1673 6738 5074
4 3655 6627 96 5155
4 5835 5808 8866 264
4 7250 2573 797 6273
4 631 3473 1061 8702
4 3830 5720 301 8607
4 8470 9569 3845 4600
4 385 1523 3306 3223
4 1636 197 6144 1178
4 4870 8625 3834 1889
4 9566 2952 6226 1508
4 2089 6742 9626 6377
4 7524 6410 2809 9797
4 5553 3167 9048 9853
4 6309 6336 8487 1476
4 3978 773 3673 4200
4 4367 8659 6192 3870
4 3137 9572 6384 5610
4 5375 1948 1810 2612
4 7436 8132 3557 3905
4 9250 5864 8183 4960
4 7748 2055 407 2486
4 278 4649 7567 6058
4 3271 7155 1228 4861
4 4524 9952 8671 6769
4 875 4043 4079 730
4 1998 9265 8707 9843
4 283 6198 3791 1483
4 6028 9746 85 3367
4 8940 9718 6747 3001
4 3 7253 5308 3857
4 3944 5476 1912 6578
4 2353 8172 1853 7302
4 6010 9689 7412 6320
4 9078 9871 5170 7443
4 6662 1429 2000 8677
4 8204 432 1140 2912
4 263 3278 8453 8670
4 1040 4607 4469 7603
4 4179 4527 8297 2927
4 4532 7118 5203 7095
4 9755 3028 3728 8442
4 9507 6146 3997 1720
4 6012 915 7880 6757
4 884 4706 8683 1587
4 513 5207 7617 634
4 3885 6110 836 1378
4 6483 6981 5803 1708
4 9695 7103 1253 5849
4 7978 3022 8929 4307
4 7696 1821 1681 995
4 8964 4565 3508 6498
4 3518 4474 9908 3877
4 4883 1224 7618 7861
4 8722 2585 4617 8692
4 7296 6370 5174 8750
4 1073 7319 464 137
4 6444 2877 9359 5197
4 8932 1037 1542 8328
4 1117 3561 3736 4871
4 3248 7759 1684 1484
4 2939 5785 2627 1116
4 8895 3362 2937 916
4 559 3037 5902 8524
4 4786 1923 6367 4038
4 4439 1571 1526 8956
4 9599 7536 3511 9197
4 3892 9464 2798 7870
4 1152 3375 1261 1154
4 5462 6296 4292 8874
4 5278 520 7678 2488
4 3853 9880 8466 8637
4 7823 4361 5823 6656
4 2592 970 1833 3107
4 3055 7178 4946 17
4 5839 7463 4521 1726
4 3544 6231 4668 5705
4 56 4975 7041 1361
4 172 9849 2600 5547
4 1712 5341 5941 6389
4 6220 5441 208 6577
4 9769 9907 9961 6605
4 9425 8527 8516 5548
4 6965 7255 2185 9350
4 9984 5378 174 7130
4 2368 2566 10 688
4 846 5998 8931 760
4 145 7215 3746 5446
4 5250 6938 1570 7363
4 9014 3769 6856 1430
4 5503 1234 529 7238
4 451 3050 7740 525
4 3516 4604 4663 926
4 4731 5563 1765 2165
4 297 8714 9092 1122
4 8363 6540 5271 1827
4 738 3134 1601 3969
4 2106 6583 6205 9121
4 6715 5151 556 9895
4 1197 2766 7624 7218
4 1487 923 1963 2716
4 5649 6364 9597 2295
4 844 9168 5118 5579
4 6266 8239 7518 912
4 164 139 117 5007
4 3104 7149 4093 6752
4 3540 6133 6396 5325
4 9161 7778 8059 9214
4 2649 9741 8673 4491
4 3258 7558 1589 2007
4 4990 6526 8833 5013
4 9450 8081 9182 4230
4 2484 1648 8161 5017
4 5948 628 3674 6052
4 2804 5899 9390 6451
4 5627 2221 8824 5056
4 7499 2407 8044 8293
4 211 4126 4627 9246
4 480 7839 8617 6721
4 3691 5875 9594 1010
4 6149 7152 5574 8650
4 8198 2309 2848 2836
4 7346 7204 9135 6731
4 6680 2879 7983 9490
4 2555 87 656 2590
4 642 2127 6623 8247
4 6102 7692 7318 3276
4 3932 3029 5879 6645
4 2125 6215 2872 178
4 9719 7151 7752 8609
4 6157 1866 1015 289
4 1825 9588 4859 1847
4 8305 3828 7278 7954
4 597 3608 1876 2811
4 3973 8606 9471 900
4 1735 9414 4671 9580
4 6036 9776 5513 3677
4 1620 5487 9286 1943
4 3480 8653 6256 3692
4 206 3239 2516 4555
4 4650 931 6193 9852
4 1464 7375 2538 2697
4 5824 6703 4170 9499
4 590 6350 8134 2226
4 1393 1856 28 8258
4 6685 8652 1056 6206
4 9382 1159 1877 4496
4 5815 1311 834 9276
4 4522 4573 8434 3092
4 3808 3891 8578 2190
4 1129 5981 6152 6531
4 5058 1632 1819 1205
4 6111 7764 151 5094
4 3527 1260 7888 5559
4 307 5061 124 1994
4 2732 3132 9407 1874
4 6741 8468 1718 9714
4 53 4792 6984 6053
4 4933 8537 6443 9637
4 7475 8342 9238 1642
4 7875 142 3895 6651
4 236 2999 4611 7512
4 8684 7105 4725 4054
4 3573 9799 1888 8967
4 7542 290 4661 7777
4 7734 9241 7610 7413
4 4055 4857 4997 3980
4 6306 2705 6228 7884
4 9165 2428 1884 5371
4 9748 4865 7406 8907
4 1704 1562 9530 7361
4 9326 4814 589 4636
4 2490 9730 4592 6676
4 253 9675 6628 6932
4 4774 7219 9602 4442
4 3297 2091 4875 7993
4 8035 735 362 7090
4 9761 9864 4091 7286
4 2020 5418 3558 4066
4 8032 2241 5710 7659
4 6849 6155 1445 6557
4 9376 1837 4381 5044
4 1282 4692 2254 4716
4 3912 4989 4703 2887
4 648 2765 5644 4363
4 5517 5035 898 2400
4 2854 4506 6365 7003
4 3802 5794 3839 3924
4 2565 540 1440 8423
4 6827 5235 7526 7841
4 7662 9976 4904 7594
4 9896 6326 3498 1598
4 1595 5020 9523 7382
4 3553 6733 8176 7733
4 3945 3654 4656 5916
4 5671 9016 7074 4187
4 2461 4926 8241 9650
4 8123 6366 8333 1332
4 4410 3531 4771 4089
4 6794 6976 4064 2320
4 1023 5474 4773 6380
4 1339 1406 7374 8861
4 2081 4559 5530 2457
4 9922 3567 8432 6800
4 6289 7037 6076 2806
4 358 1467 7356 1533
4 4412 9220 1723 210
4 5355 2006 8597 1422
4 7432 6436 147 4879
4 9368 5205 5898 1471
4 960 3422 9453 6988
4 3906 6673 622 7683
4 2783 2375 3760 4720
4 534 5389 404 9456
4 9988 5336 7821 2907
4 689 9848 6778 9468
4 4495 6857 4639 6514
4 146 7914 4375 6528
4 3718 33 5551 909
4 5178 1584 6361 7785
4 8019 489 5489 7943
4 8715 8889 3145 5457
4 9879 5086 6490 7249
4 8938 1609 8894 8043
4 4766 4478 7534 2398
4 3323 2389 2401 9361
4 7768 8376 8898 7592
4 8153 7426 3582 9043
4 1021 2381 4452 9072
4 3244 2462 9561 8648
4 5856 7419 6784 9192
4 737 3704 7818 5633
4 8150 9684 3617 5869
4 7310 7530 7175 8299
4 396 3882 7230 4011
4 1529 8823 1930 835
4 3595 2874 6208 3299
4 2260 9726 4953 7917
4 1922 6340 2129 5085
4 8845 3559 3983 7770
4 4026 4057 3914 7990
4 5776 9703 6585 5901
4 6870 3153 5467 2191
4 9631 6016 3352 5920
4 39 1512 5865 8325
4 1952 8954 5461 8746
4 3371 8425 6202 9971
4 150 8679 9122 3339
4 635 5255 7116 198
4 1090 3966 804 7454
4 3985 6466 5832 9222
4 4907 9143 7013 9549
4 6834 8712 9429 3129
4 4823 3749 32 7596
4 359 5556 7010 9802
4 3075 5531 4202 9221
4 512 4467 6649 3188
4 5380 5522 711 9667
4 8682 9062 7956 1886
4 8238 947 7966 5724
4 1822 3136 4124 2134
4 3564 5615 9606 149
4 6724 9091 2277 3011
4 9183 9828 170 8276
4 45 1507 3428 7809
4 1761 4640 5908 2148
4 678 7480 4887 5896
4 4016 6184 3811 6700
4 6421 1347 9734 2924
4 7689 9868 8519 2707
4 300 1100 7221 6446
4 2167 4704 3991 6873
4 4208 6574 2343 9891
4 6705 7731 8196 7220
4 7876 5756 7970 8632
4 0 6811 1382 9173
4 2024 5566 5047 849
4 4465 6160 5164 6203
4 3641 7186 5584 2467
4 1256 3322 6264 2198
4 8263 9096 3020 6942
4 611 6243 5451 4659
4 313 5939 2983 3121
4 3694 8264 8562 2672
4 2278 9573 4514 9583
4 1047 471 1908 6637
4 4335 7964 6681 2495
4 5277 5954 6553 6903
4 4949 3724 8027 9210
4 8517 9459 9996 7425
4 9978 6659 7424 7984
4 1199 6248 1044 9752
4 6015 6522 6596 4708
4 5166 8752 8908 6648
4 8133 5657 7975 1174
4 9987 1157 1181 4992
4 1569 7386 4340 5040
4 3818 9299 5362 5721
4 3681 2367 6017 7727
4 6726 9328 2875 9038
4 9068 4215 5240 3412
4 541 8801 5836 3226
4 1593 2337 433 4511
4 1411 8711 3203 6022
4 5449 1179 5763 5947
4 7384 1106 4790 7521
4 562 3127 3517 4052
4 5173 6112 7509 9836
4 6719 9633 5860 2506
4 8222 2062 8143 3031
4 1381 708 4456 3563
4 514 4286 5536 3894
4 1840 7500 4419 1668
4 825 6478 8210 9721
4 2702 1616 8863 889
4 204 355 8160 5813
4 2601 6246 8696 1409
4 5496 8828 6351 5157
4 8413 4206 8864 3330
4 2025 9486 3105 8810
4 2296 5730 8202 608
4 1768 8336 7877 7633
4 4958 8667 6713 5198
4 968 7555 8006 6275
4 70 1400 4742 1535
4 465 8139 1751 2954
3 2437 4359 3657
3 4092 5872 9920
3 6492 8876 6051
3 2329 6280 3596
3 7751 2120 9935
3 4188 8031 234
3 8977 9995 1012
3 240 3004 3972
3 955 919 5368
3 2033 6864 6263
3 3235 2159 1321
3 3809 4801 4943
3 4858 530 9198
3 4228 2578 3926
3 8919 9269 1843
3 9418 131 270
3 430 6960 1640
3 1062 3311 431
3 456 7729 9716
3 5082 9519 8089
3 6576 7614 9187
3 2746 4000 9028
3 8215 8454 9600
3 7397 5751 4301
3 7924 1750 620
3 372 5606 2604
3 978 9699 9332
3 1939 500 1036
3 2661 9768 2786
3 2949 9201 5208
3 4046 6008 6698
3 6097 97 9767
3 8137 3939 1980
3 9446 7995 8401
3 136 2762 8447
3 6964 2193 9584
3 439 5986 9431
3 2977 4534 7407
3 3956 1330 9398
3 2072 6161 1744
3 6761 9656 7663
3 7170 673 2713
3 9086 1259 6890
3 6003 2694 4796
3 1475 9538 3590
3 2102 2772 1796
3 885 4221 4798
3 1519 3212 5191
3 4942 6565 7991
3 5245 6835 2632
3 6844 8180 3370
3 5482 8822 9413
3 2514 24 8568
3 183 1649 9944
3 956 7457 6137
3 2399 2595 4104
3 1961 8435 6352
3 2074 8252 3280
3 8383 8326 4238
3 6824 86 37
3 1279 5732 1318
3 3060 3793 1694
3 2207 4777 6302
3 4635 4387 5666
3 3344 5752 7554
3 6197 7800 6121
3 6809 6450 7895
3 6887 4502 3364
3 8037 9855 4783
3 9083 7881 2891
3 1546 1983 9075
3 2881 7674 3822
3 2953 4839 2297
3 5994 6463 1538
3 7471 8859 4358
3 9036 7461 8314
3 602 7586 9009
3 1755 3543 458
3 4248 4595 6972
3 756 7410 7812
3 6959 6963 8815
3 7320 457 8353
3 5168 7724 7362
3 487 8900 9094
3 7357 4434 9047
3 2149 335 4399
3 2608 2596 3052
3 3141 2144 4596
3 2903 4400 8930
3 5024 6311 5897
3 6915 7387 8766
3 7094 3951 9215
3 7206 4116 9035
3 8093 2210 392
3 221 2028 4504
3 801 3347 9659
3 9137 2610 6506
3 2785 4339 9114
3 1371 9578 3021
3 462 2956 6471
3 2741 8486 6332
3 6353 9564 3875
3 9838 4069 5066
3 1678 1536 5628
3 2859 4994 6818
3 3789 6448 1688
3 1161 7078 2892
3 40 2837 3887
3 3651 7850 7889
3 7602 802 6175
3 168 6148 8663
3 1453 2059 31
3 2469 5181 6127
3 4877 6925 4736
3 5233 6232 9820
3 725 4982 9709
3 2412 840 9993
3 502 2307 1426
3 1009 1778 842
3 2683 5106 4291
3 4097 6328 7959
3 5125 6229 9678
3 6944 9394 8028
3 7694 8438 8576
3 7632 7557 8543
3 8737 9651 739
3 7859 78 4549
3 325 644 639
3 402 3012 4488
3 393 1220 511
3 1959 8022 6725
3 343 4688 615
3 3841 2685 2169
3 5817 9540 9223
3 7960 2101 1869
3 152 6699 3318
3 9015 8426 5128
3 229 1043 5631
3 9595 4567 4689
3 2950 7742 6034
3 613 7395 5959
3 6473 4787 8804
3 5719 9489 7423
3 68 4031 5676
3 2388 4099 726
3 5190 848 8097
3 5882 5558 7971
3 7803 8643 9227
3 34 5422 9957
3 793 1377 3123
3 1165 1807 8950
3 1979 4826 7314
3 1080 7631 2472
3 3743 8256 8903
3 4855 6746 4880
3 6315 6952 953
3 7532 7697 5881
3 7994 3679 3903
3 2242 640 1892
3 252 467 6005
3 305 3555 3698
3 1167 20 7132
3 3515 13 6452
3 4969 413 5850
3 5731 6225 4723
3 579 1270 8398
3 7430 7581 3509
3 9892 76 2669
3 477 4298 9887
3 1590 3396 1502
3 2164 2304 2137
3 153 5212 5443
3 4047 6922 7176
3 2002 7666 8629
3 860 4811 5951
3 2215 9274 4078
3 8571 6357 3665
3 346 9475 57
3 3621 4750 4451
3 4173 5863 649
3 2929 6189 414
3 6046 6563 4554
3 6291 6479 9280
3 6674 7826 1369
3 6095 293 7496
3 395 4267 5146
3 193 2019 2232
3 1953 740 4922
3 2358 5950 3246
3 2629 3233 2898
3 2527 4245 4279
3 3581 7951 9524
3 2432 5161 7906
3 1549 9337 5829
3 7036 7713 4246
3 1586 8212 4155
3 4679 1416 3761
3 949 3902 937
3 2799 3449 6210
3 83 8206 2533
3 4662 5346 8986
3 6104 3146 9830
3 6740 5026 3161
3 7565 7804 8456
3 1276 8821 1650
3 9065 1194 3261
3 568 1084 7024
3 6544 1504 868
3 1286 4249 2751
3 2634 2531 554
3 7252 3504 4030
3 2824 4747 6244
3 4311 4314 9157
3 5895 9234 2529
3 3838 3431 3773
3 9526 9313 6270
3 444 7194 2668
3 1516 4537 4856
3 3482 3806 4653
3 3748 16 1250
3 3263 5200 23
3 5714 5387 7653
3 7197 8675 7813
3 7743 9294 4328
3 8498 1118 1793
3 6630 9543 1032
3 1031 7236 6294
3 9105 8229 4767
3 1532 3174 3930
3 2047 2303 9333
3 3332 1527 5401
3 4398 1514 8201
3 4501 6258 9496
3 982 7018 8277
3 7490 7963 9810
3 8440 8965 5672
3 9458 9488 4176
3 9635 9692 2442
3 675 6664 1201
3 1452 1891 4623
3 1296 3911 6612
3 4578 4892 6828
3 1986 4914 7150
3 6245 4001 7559
3 6920 3316 8642
3 5237 8952 499
3 8355 9551 2264
3 9958 4841 3513
3 1606 2143 8729
3 9680 2671 9251
3 2712 3125 8727
3 3824 3880 6494
3 4935 5175 6744
3 5199 5834 5980
3 5373 6569 6430
3 6510 8289 8179
3 5059 6852 1027
3 6962 6693 4713
3 8654 1618 9260
3 9085 6822 2422
3 9711 365 5769
3 459 4447 225
3 3407 4605 5641
3 4164 858 7622
3 4775 4144 3099
3 4898 9858 3747
3 6093 8177 2328
3 7761 9002 9022
3 8918 5043 8067
3 30 9149 3147
3 115 4407 4095
3 3570 5400 7237
3 6604 7418 7957
3 7828 5097 2335
3 8593 9272 1898
3 8981 9655 1058
3 123 8897 8382
3 1806 1951 3547
3 8235 3274 8808
3 185 6600 6846
3 6130 8567 6118
3 7600 2402 9181
3 4562 9624 9985
3 7849 9611 3355
3 576 1110 7721
3 1669 1865 6727
3 2235 2570 7190
3 94 6590 6323
3 4558 5471 6766
3 5831 4156 6126
3 4482 6002 9073
3 1978 8472 8756
3 7048 5098 2946
3 8108 8978 4197
3 1132 4325 5077
3 2046 6851 2466
3 2240 6398 7247
3 2220 4546 6090
3 4840 6472 7127
3 6078 1639 7868
3 6669 2205 7273
3 7085 6899 7616
3 6993 7315 8753
3 7665 4694 8388
3 8340 8806 5442
3 8393 7899 9927
3 9771 896 1754
3 1288 473 5019
3 2333 2591 5505
3 3078 3587 5041
3 3883 1835 8129
3 4489 6304 4804
3 5812 6524 7634
3 3615 5944 8372
3 7329 2582 6711
3 7805 6223 9613
3 8572 9745 1266
3 7693 8734 9338
3 160 9859 516
3 899 1848 2911
3 1271 2216 5323
3 2294 2105 8640
3 4564 1774 6774
3 7460 22 1192
3 101 1137 3265
3 143 3506 3324
3 1313 2730 5189
3 2549 4172 2234
3 1212 3878 1849
3 3884 6560 3664
3 419 5702 6739
3 5621 5800 6697
3 6356 7275 9948
3 5460 8573 6990
3 5140 9003 7815
3 5613 9013 9603
3 9877 6671 3281
3 1653 2136 8996
3 2237 4308 3038
3 1086 4746 3933
3 2754 4312 5276
3 3439 6803 7121
3 7123 8994 9261
3 7491 8021 9134
3 417 2199 5134
3 906 1699 9029
3 2453 2781 3578
3 3097 3402 2793
3 3849 5397 7931
3 753 6064 6581
3 4217 7686 558
3 5268 2390 9679
3 8773 6063 1170
3 4255 1656 6831
3 550 1127 1488
3 5171 2289 9194
3 796 2268 2016
3 9744 2417 5598
3 2852 3873 4918
3 4136 4818 8411
3 4599 5234 5426
3 4196 5903 6595
3 1461 6023 9844
3 6035 6414 381
3 6636 7510 9008
3 8084 4394 8316
3 5523 9230 3782
3 1480 828 2621
3 472 1624 3888
3 1172 2775 3817
3 2406 2444 219
3 159 8716 2951
3 3381 3491 4678
3 1093 6132 4630
3 1783 5253 6261
3 6096 4613 7400
3 6520 7117 8166
3 5246 3131 8759
3 7233 7786 9901
3 8049 9759 8789
3 8793 279 4094
3 217 8464 5736
3 893 1627 1665
3 1404 1814 2731
3 1985 2334 1867
3 2068 3783 4910
3 3334 3442 3300
3 3965 3262 133
3 845 6373 7788
3 5770 6432 6517
3 6529 7309 7684
3 6953 6227 8633
3 8539 7903 8987
3 8618 218 1781
3 1208 1221 4479
3 1801 2065 3584
3 2281 1836 9502
3 2750 3312 3744
3 3401 610 5398
3 2987 2554 4193
3 4088 4932 3721
3 5313 4487 2711
3 5577 5917 9535
3 5966 6180 7925
3 7501 5972 8165
3 7969 9534 5391
3 5586 1184 3862
3 651 669 7388
3 9575 1646 2722
3 1904 5064 9200
3 3539 5104 8665
3 4894 401 5132
3 1899 5370 990
3 6586 6417 7980
3 7371 3445 9660
3 7898 7110 7675
3 6812 3927 2326
3 545 2184 89
3 1638 934 3216
3 1292 3947 7502
3 2947 2376 4428
3 3124 3929 4529
3 1716 2464 9754
3 3411 4538 5594
3 4981 7289 3076
3 5599 4544 771
3 7065 7672 9770
3 8638 9882 5481
3 7695 8694 292
3 9941 3085 163
3 249 144 827
3 9846 977 6770
3 1130 1683 4669
3 1928 2560 3424
3 2173 2087 7907
3 1935 3521 6405
3 4628 3017 8268
3 5511 7043 8015
3 757 5345 8934
3 7902 8525 8584
3 6259 3807 8842
3 1299 9156 304
3 9209 7664 1120
3 9356 2480 6805
3 207 1138 3580
3 1870 894 2835
3 2057 2022 1469
3 2567 6068 7744
3 3115 4163 4833
3 2463 6307 7096
3 5122 6958 7177
3 930 7608 9140
3 2050 9089 6973
3 2990 9670 3313
3 6409 241 6497
3 199 8732 1209
3 316 4842 4882
3 288 6331 7553
3 157 3941 5429
3 4149 618 7223
3 4553 3610 4646
3 5804 7134 7274
3 1331 691 7014
3 2011 7962 8709
3 8273 8776 7216
3 9785 9860 3353
3 356 8853 4392
3 865 2179 7642
3 2564 287 4948
3 3178 728 5514
3 4337 3541 3186
3 5192 6301 6897
3 3893 6425 9152
3 5725 7163 7878
3 7544 7640 9179
3 643 8068 9225
3 8409 8298 8886
3 6541 2227 9491
3 8502 819 1971
3 108 862 1841
3 1277 1574 1958
3 1227 4789 5060
3 2288 2418 5329
3 3006 4226 4714
3 4355 3753 5182
3 1652 616 4468
3 5206 5254 5663
3 5550 2805 7298
3 5718 7229 9647
3 6513 7019 5578
3 6213 8870 7795
3 7546 9710 6904
3 8645 9100 9367
3 9406 8534 733
3 9863 186 867
3 6387 784 3425
3 1495 2163 2239
3 1809 2563 2841
3 425 3536 4634
3 3798 4143 5534
3 4598 3438 5952
3 4508 5612 5424
3 5741 5848 6796
3 5658 6629 7948
3 5825 7087 8941
3 6087 8141 9232
3 8740 9172 9617
3 8310 9329 6814
3 9553 9885 1376
3 226 769 3208
3 378 347 9870
3 800 1479 1615
3 1563 1661 1700
3 2201 2435 3209
3 2318 2689 7349
3 348 4791 6484
3 3812 4693 5611
3 5510 5573 2344
3 5771 3712 9423
3 6620 2577 7556
3 7091 9570 128
3 5958 8564 9590
3 9582 9158 383
3 189 719 2152
3 1099 4518 4726
3 789 6125 6748
3 4403 1403 7365
3 4906 3917 1685
3 6253 4290 8309
3 4986 7799 8103
3 7434 7441 7333
3 8321 9314 9555
3 9346 8771 9862
3 9876 349 1788
3 441 1494 1949
3 1131 1196 4211
3 633 2470 4939
3 958 1235 5316
3 415 3213 6917
2 2012 5183
2 1909 2451
2 5294 6692
2 5409 4709
2 6701 2586
2 7060 7140
2 7459 7541
2 7580 7758
2 7835 8493
2 8064 9954
2 8347 7946
2 9205 8086
2 9819 203
2 291 361
2 703 831
2 863 1119
2 1180 1230
2 1188 1799
2 1679 1284
2 1868 2878
2 2356 2550
2 2382 1993
2 3327 3784
2 3859 5343
2 3949 4996
2 5148 6279
2 5379 3860
2 6456 8080
2 6457 8282
2 8379 8960
2 8686 9737
2 9323 4
2 280 693
2 405 509
2 388 782
2 935 1335
2 1323 1611
2 1105 2384
2 1818 1732
2 2035 2483
2 2498 4621
2 3821 3247
2 5410 6843
2 5779 7507
2 7479 7669
2 5694 7965
2 7807 8406
2 8412 8875
2 8726 9372
2 9999 200
2 227 922
2 268 2324
2 1046 1111
2 1074 2579
2 1135 2378
2 258 2789
2 1133 3394
2 3787 4254
2 4330 4344
2 4632 4633
2 4664 4675
2 4734 4950
2 5051 5833
2 5699 6085
2 6233 7307
2 7251 8970
2 7753 8784
2 8410 8985
2 6407 9102
2 8955 9663
2 9807 318
2 376 1029
2 811 983
2 662 1553
2 1987 2086
2 2311 2373
2 2386 2405
2 2541 2942
2 3292 4107
2 3389 3922
2 3639 3386
2 4461 4979
2 5356 6500
2 5977 5844
2 6635 7791
2 7667 8461
2 6983 8523
2 8791 9636
2 9604 9742
2 9724 9701
2 173 342
2 491 741
2 794 2030
2 2410 2508
2 2676 2715
2 3199 3385
2 3827 4425
2 4371 7322
2 5177 5005
2 6158 6434
2 6371 8164
2 5327 7399
2 7092 8491
2 8374 8731
2 8602 9148
2 9162 9186
2 9533 9557
2 9632 9644
2 9717 872
2 621 409
2 1534 1918
2 1992 2883
2 2825 3008
2 3756 3819
2 3866 4220
2 4273 4369
2 4810 5413
2 5266 5187
2 5885 6242
2 6254 6420
2 6647 7627
2 7340 7820
2 7706 7992
2 8136 8872
2 8725 9342
2 9773 917
2 148 821
2 195 1206
2 984 1063
2 1045 1329
2 69 1415
2 1439 2934
2 1705 1897
2 1969 2747
2 1554 3794
2 3267 3799
2 3225 3935
2 4323 4978
2 4651 4435
2 5073 5210
2 5399 5643
2 5957 6678
2 7069 8857
2 7636 7228
2 7832 7712
2 9282 312
2 9977 9609
2 435 508
2 483 605
2 437 652
2 901 1610
2 1731 2172
2 2166 2427
2 2503 3058
2 2873 2884
2 2803 3144
2 3227 3466
2 3474 4237
2 4032 4103
2 4214 4356
2 4260 3620
2 4535 5045
2 4807 5167
2 5265 5361
2 5470 7165
2 5853 5883
2 5979 6234
2 6174 6499
2 6480 7033
2 7093 5840
2 7243 7736
2 7276 7393
2 7408 7938
2 7264 8613
2 7547 9963
2 8758 8879
2 9159 9327
2 9362 194
2 179 8728
2 987 1654
2 1305 2996
2 2425 3636
2 2330 2500
2 4224 5350
2 4758 4822
2 4860 5340
2 4372 6675
2 5745 6654
2 6077 5508
2 6841 7416
2 7097 7172
2 6901 8142
2 7793 7588
2 7915 8395
2 8507 8535
2 8570 8778
2 8770 9070
2 9011 8780
2 9775 9787
2 9822 111
2 118 184
2 192 209
2 303 1142
2 596 2170
2 2206 3476
2 2769 3530
2 2556 3082
2 3879 4891
2 4577 6853
2 4890 4972
2 3984 4732
2 6187 7059
2 7427 7789
2 7639 8144
2 8117 8311
2 8786 9749
2 9380 8877
2 9415 729
2 482 478
2 1614 1728
2 1831 2520
2 3044 3189
2 3777 4175
2 4285 4376
2 5067 7086
2 5279 5557
2 6128 6141
2 5107 7561
2 7098 7578
2 7856 7942
2 7883 8114
2 8038 8224
2 8361 8405
2 8417 9218
2 8975 9264
2 8961 9421
2 9571 9931
2 121 274
2 230 908
2 1485 1695
2 1517 2512
2 2485 2808
2 2771 1972
2 2812 4523
2 3493 3717
2 3716 3727
2 2974 5696
2 4952 5906
2 5747 4724
2 5983 6902
2 6156 6308
2 6411 6614
2 5993 7075
2 7590 7741
2 8061 8244
2 8135 9556
2 9436 8272
2 156 1350
2 781 1496
2 1625 3685
2 2098 2039
2 4232 4470
2 4699 4899
2 5483 6177
2 5504 6682
2 6559 7077
2 6833 6720
2 7045 6937
2 7187 7483
2 7606 7847
2 8002 8462
2 8075 8530
2 8009 9031
2 9793 61
2 256 311
2 424 507
2 574 833
2 1177 1226
2 1283 1937
2 1749 2110
2 2271 2272
2 2532 2602
2 2827 3635
2 4063 4098
2 4333 4845
2 5213 5304
2 5533 5727
2 5617 5870
2 6265 6429
2 6428 6545
2 6607 7730
2 7017 7864
2 8011 8045
2 8110 8561
2 8500 9736
2 8220 8698
2 8797 8880
2 9126 8542
2 81 428
2 682 866
2 795 1006
2 1171 1326
2 1501 1513
2 1634 1753
2 1696 1917
2 1804 1984
2 2231 2298
2 2447 3023
2 2657 4297
2 3059 3690
2 3307 4427
2 3053 4588
2 4440 5158
2 4876 4980
2 4966 5023
2 4913 3108
2 5260 5262
2 5377 5382
2 5783 5938
2 6026 7248
2 7068 8494
2 7337 7533
2 7404 7550
2 8159 6971
2 8556 8635
2 8868 9301
2 9357 9686
2 9498 406
2 9457 803
2 538 1166
2 959 1703
2 1622 903
2 1789 2252
2 3268 3993
2 3469 5480
2 4305 5008
2 4262 5754
2 5907 6551
2 6293 6075
2 6539 6998
2 7022 7138
2 7030 7292
2 7139 7367
2 7682 7711
2 7830 7833
2 7929 8190
2 8441 8473
2 8850 8924
2 9007 9296
2 9521 9910
2 9932 182
2 1275 1762
2 1307 2583
2 2310 2357
2 2393 2900
2 2673 1932
2 3205 3266
2 3361 3534
2 3846 5472
2 4770 5910
2 5585 6021
2 4591 5632
2 6098 6237
2 6257 8555
2 6617 7453
2 7067 7584
2 7514 8592
2 6412 9823
2 8968 658
2 603 668
2 1149 1191
2 1824 2138
2 2645 3286
2 3154 3416
2 3705 4060
2 3963 4019
2 4048 4453
2 4283 4830
2 4793 4893
2 4843 5693
2 3854 4923
2 5010 5281
2 4851 5900
2 5926 6848
2 6519 6533
2 6799 7688
2 6859 7102
2 7129 9042
2 7523 6393
2 7281 9698
2 9548 9044
2 9577 224
2 25 341
2 275 452
2 698 1190
2 921 1612
2 1770 1878
2 2026 2385
2 2546 2664
2 2899 3382
2 2961 2928
2 3169 3810
2 3611 3803
2 3591 3994
2 4236 4911
2 4571 5100
2 5430 6222
2 6040 5640
2 6454 6643
2 6961 7574
2 7071 7985
2 7658 8001
2 7000 8541
2 8085 9189
2 9297 9411
2 9311 9861
2 9914 27
2 54 238
2 319 468
2 526 582
2 659 746
2 886 972
2 1302 2153
2 1775 2656
2 2280 2662
2 2709 3454
2 3523 3619
2 3696 4009
2 3990 3719
2 4691 5809
2 5538 5838
2 5828 6119
2 6031 6185
2 6195 6334
2 6290 7852
2 6592 7782
2 6923 6862
2 6509 7890
2 8000 8231
2 8334 9146
2 9059 9101
2 8554 9270
2 9229 9204
2 9554 9972
2 180 999
2 412 1134
2 1316 1777
2 1667 1873
2 2038 2980
2 2525 3156
2 3413 3754
2 4209 4821
2 4525 5386
2 5549 5635
2 6199 6516
2 6391 6283
2 6491 6772
2 6850 7504
2 7261 7488
2 7011 8109
2 8034 9024
2 8118 9825
2 9720 379
2 9933 422
2 573 1087
2 1237 1725
2 1308 2010
2 1880 2154
2 2758 3645
2 3383 3843
2 4034 4252
2 4174 4556
2 4520 4132
2 4581 4987
2 4705 5257
2 5227 5014
2 5697 5778
2 5859 6163
2 5949 6792
2 7222 8098
2 8318 8546
2 8508 8344
2 8757 9336
2 9150 9400
2 154 533
2 360 583
2 911 1290
2 986 1374
2 1401 1664
2 1915 1964
2 2431 2733
2 2706 2858
2 3201 3628
2 3546 3643
2 3340 3788
2 4062 4976
2 4438 5049
2 5029 5108
2 5153 5342
2 5406 5466
2 5527 5539
2 5619 5820
2 6631 7005
2 7042 7822
